2020-10-26 12:46:37.677  INFO 3576 --- [main] com.example.demo.DemoApplication         : Starting DemoApplication on vbox-win7 with PID 3576 (D:\gitraintest\target\classes started by xdba in D:\gitraintest)
2020-10-26 12:46:38.078  INFO 3576 --- [main] com.example.demo.DemoApplication         : No active profile set, falling back to default profiles: default
2020-10-26 12:46:49.703  INFO 3576 --- [main] o.s.b.w.embedded.tomcat.TomcatWebServer  : Tomcat initialized with port(s): 8080 (http)
2020-10-26 12:46:49.753  INFO 3576 --- [main] o.apache.catalina.core.StandardService   : Starting service [Tomcat]
2020-10-26 12:46:49.761  INFO 3576 --- [main] org.apache.catalina.core.StandardEngine  : Starting Servlet engine: [Apache Tomcat/9.0.37]
2020-10-26 12:46:50.371  INFO 3576 --- [main] o.a.c.c.C.[Tomcat].[localhost].[/]       : Initializing Spring embedded WebApplicationContext
2020-10-26 12:46:50.380  INFO 3576 --- [main] w.s.c.ServletWebServerApplicationContext : Root WebApplicationContext: initialization completed in 11971 ms
2020-10-26 12:46:56.015  INFO 3576 --- [main] o.s.s.concurrent.ThreadPoolTaskExecutor  : Initializing ExecutorService 'applicationTaskExecutor'
2020-10-26 12:46:56.453  INFO 3576 --- [main] o.s.b.a.w.s.WelcomePageHandlerMapping    : Adding welcome page template: index
2020-10-26 12:46:57.446  INFO 3576 --- [main] o.s.b.w.embedded.tomcat.TomcatWebServer  : Tomcat started on port(s): 8080 (http) with context path ''
2020-10-26 12:46:57.526  INFO 3576 --- [main] com.example.demo.DemoApplication         : Started DemoApplication in 20.175 seconds (JVM running for 24.849)
2020-10-26 12:47:43.363  INFO 3576 --- [http-nio-8080-exec-1] o.a.c.c.C.[Tomcat].[localhost].[/]       : Initializing Spring DispatcherServlet 'dispatcherServlet'
2020-10-26 12:47:43.369  INFO 3576 --- [http-nio-8080-exec-1] o.s.web.servlet.DispatcherServlet        : Initializing Servlet 'dispatcherServlet'
2020-10-26 12:47:43.395  INFO 3576 --- [http-nio-8080-exec-1] o.s.web.servlet.DispatcherServlet        : Completed initialization in 25 ms
2020-10-26 12:47:44.204  INFO 3576 --- [http-nio-8080-exec-1] com.zaxxer.hikari.HikariDataSource       : HikariPool-1 - Starting...
2020-10-26 12:47:45.156  INFO 3576 --- [http-nio-8080-exec-1] com.zaxxer.hikari.HikariDataSource       : HikariPool-1 - Start completed.
2020-10-26 13:11:33.491  INFO 1200 --- [main] com.example.demo.DemoApplication         : Starting DemoApplication on vbox-win7 with PID 1200 (D:\gitraintest\target\classes started by xdba in D:\gitraintest)
2020-10-26 13:11:33.562  INFO 1200 --- [main] com.example.demo.DemoApplication         : No active profile set, falling back to default profiles: default
2020-10-26 13:11:43.211  INFO 1200 --- [main] o.s.b.w.embedded.tomcat.TomcatWebServer  : Tomcat initialized with port(s): 8080 (http)
2020-10-26 13:11:43.251  INFO 1200 --- [main] o.apache.catalina.core.StandardService   : Starting service [Tomcat]
2020-10-26 13:11:43.255  INFO 1200 --- [main] org.apache.catalina.core.StandardEngine  : Starting Servlet engine: [Apache Tomcat/9.0.37]
2020-10-26 13:11:43.847  INFO 1200 --- [main] o.a.c.c.C.[Tomcat].[localhost].[/]       : Initializing Spring embedded WebApplicationContext
2020-10-26 13:11:43.850  INFO 1200 --- [main] w.s.c.ServletWebServerApplicationContext : Root WebApplicationContext: initialization completed in 9760 ms
2020-10-26 13:11:47.979  INFO 1200 --- [main] o.s.s.concurrent.ThreadPoolTaskExecutor  : Initializing ExecutorService 'applicationTaskExecutor'
2020-10-26 13:11:48.700  INFO 1200 --- [main] o.s.b.a.w.s.WelcomePageHandlerMapping    : Adding welcome page template: index
2020-10-26 13:11:49.332  INFO 1200 --- [main] o.s.b.w.embedded.tomcat.TomcatWebServer  : Tomcat started on port(s): 8080 (http) with context path ''
2020-10-26 13:11:49.383  INFO 1200 --- [main] com.example.demo.DemoApplication         : Started DemoApplication in 21.728 seconds (JVM running for 26.756)
2020-10-26 13:33:03.089  INFO 7648 --- [main] com.example.demo.DemoApplication         : Starting DemoApplication on vbox-win7 with PID 7648 (D:\gitraintest\target\classes started by xdba in D:\gitraintest)
2020-10-26 13:33:03.143  INFO 7648 --- [main] com.example.demo.DemoApplication         : No active profile set, falling back to default profiles: default
2020-10-26 13:33:13.013  INFO 7648 --- [main] o.s.b.w.embedded.tomcat.TomcatWebServer  : Tomcat initialized with port(s): 8080 (http)
2020-10-26 13:33:13.047  INFO 7648 --- [main] o.apache.catalina.core.StandardService   : Starting service [Tomcat]
2020-10-26 13:33:13.051  INFO 7648 --- [main] org.apache.catalina.core.StandardEngine  : Starting Servlet engine: [Apache Tomcat/9.0.37]
2020-10-26 13:33:13.383  INFO 7648 --- [main] o.a.c.c.C.[Tomcat].[localhost].[/]       : Initializing Spring embedded WebApplicationContext
2020-10-26 13:33:13.387  INFO 7648 --- [main] w.s.c.ServletWebServerApplicationContext : Root WebApplicationContext: initialization completed in 9604 ms
2020-10-26 13:33:16.990  INFO 7648 --- [main] o.s.s.concurrent.ThreadPoolTaskExecutor  : Initializing ExecutorService 'applicationTaskExecutor'
2020-10-26 13:33:17.317  INFO 7648 --- [main] o.s.b.a.w.s.WelcomePageHandlerMapping    : Adding welcome page template: index
2020-10-26 13:33:17.992  INFO 7648 --- [main] o.s.b.w.embedded.tomcat.TomcatWebServer  : Tomcat started on port(s): 8080 (http) with context path ''
2020-10-26 13:33:18.039  INFO 7648 --- [main] com.example.demo.DemoApplication         : Started DemoApplication in 20.112 seconds (JVM running for 25.088)
